<?xml version="1.0" encoding="UTF-8"?>
<coverage generated="1669607814913" clover="3.2.0">
  <project timestamp="1669607814913" name="All files">
    <metrics statements="5" coveredstatements="5" conditionals="4" coveredconditionals="4" methods="1" coveredmethods="1" elements="10" coveredelements="10" complexity="0" loc="5" ncloc="5" packages="1" files="1" classes="1"/>
    <file name="hideCard.js" path="/Users/jasonazevedo/Workspace/WDV4416/1.4-UnitTesting/hideCard.js">
      <metrics statements="5" coveredstatements="5" conditionals="4" coveredconditionals="4" methods="1" coveredmethods="1"/>
      <line num="1" count="1" type="stmt"/>
      <line num="4" count="2" type="cond" truecount="4" falsecount="0"/>
      <line num="5" count="1" type="stmt"/>
      <line num="8" count="1" type="stmt"/>
      <line num="12" count="1" type="stmt"/>
    </file>
  </project>
</coverage>
