{"/Users/jasonazevedo/Workspace/WDV4416/1.4-UnitTesting/hideCard.js": {"path":"/Users/jasonazevedo/Workspace/WDV4416/1.4-UnitTesting/hideCard.js","statementMap":{"0":{"start":{"line":1,"column":17},"end":{"line":10,"column":1}},"1":{"start":{"line":4,"column":2},"end":{"line":9,"column":3}},"2":{"start":{"line":5,"column":4},"end":{"line":5,"column":32}},"3":{"start":{"line":8,"column":4},"end":{"line":8,"column":77}},"4":{"start":{"line":12,"column":0},"end":{"line":12,"column":25}}},"fnMap":{"0":{"name":"(anonymous_0)","decl":{"start":{"line":1,"column":17},"end":{"line":1,"column":18}},"loc":{"start":{"line":1,"column":27},"end":{"line":10,"column":1}},"line":1}},"branchMap":{"0":{"loc":{"start":{"line":4,"column":2},"end":{"line":9,"column":3}},"type":"if","locations":[{"start":{"line":4,"column":2},"end":{"line":9,"column":3}},{"start":{"line":7,"column":6},"end":{"line":9,"column":3}}],"line":4},"1":{"loc":{"start":{"line":4,"column":5},"end":{"line":4,"column":41}},"type":"binary-expr","locations":[{"start":{"line":4,"column":5},"end":{"line":4,"column":21}},{"start":{"line":4,"column":25},"end":{"line":4,"column":41}}],"line":4}},"s":{"0":1,"1":2,"2":1,"3":1,"4":1},"f":{"0":2},"b":{"0":[1,1],"1":[2,2]},"_coverageSchema":"1a1c01bbd47fc00a2c39e90264f33305004495a9","hash":"ddfdf8c92265fadaadf7f8374a2d9162f0a21563"}
}
